<?xml version="1.0" encoding="UTF-8"?>
<testsuite xmlns:xsi="http://www.w3.org/2001/XMLSchema-instance" xsi:noNamespaceSchemaLocation="https://maven.apache.org/surefire/maven-surefire-plugin/xsd/surefire-test-report-3.0.xsd" version="3.0" name="TestSuite" time="24.507" tests="9" errors="0" skipped="0" failures="0">
  <properties>
    <property name="java.specification.version" value="21"/>
    <property name="sun.cpu.isalist" value="amd64"/>
    <property name="sun.jnu.encoding" value="Cp1252"/>
    <property name="java.class.path" value="C:\Users\yruizsanchez\Workspaces\Appium-for-begginer\Week2TestingTest\target\test-classes;C:\Users\yruizsanchez\Workspaces\Appium-for-begginer\Week2TestingTest\target\classes;C:\Users\yruizsanchez\.m2\repository\io\appium\java-client\9.3.0\java-client-9.3.0.jar;C:\Users\yruizsanchez\.m2\repository\org\seleniumhq\selenium\selenium-api\4.25.0\selenium-api-4.25.0.jar;C:\Users\yruizsanchez\.m2\repository\org\jspecify\jspecify\1.0.0\jspecify-1.0.0.jar;C:\Users\yruizsanchez\.m2\repository\org\seleniumhq\selenium\selenium-remote-driver\4.25.0\selenium-remote-driver-4.25.0.jar;C:\Users\yruizsanchez\.m2\repository\com\google\auto\service\auto-service-annotations\1.1.1\auto-service-annotations-1.1.1.jar;C:\Users\yruizsanchez\.m2\repository\com\google\guava\guava\33.3.0-jre\guava-33.3.0-jre.jar;C:\Users\yruizsanchez\.m2\repository\com\google\guava\failureaccess\1.0.2\failureaccess-1.0.2.jar;C:\Users\yruizsanchez\.m2\repository\com\google\guava\listenablefuture\9999.0-empty-to-avoid-conflict-with-guava\listenablefuture-9999.0-empty-to-avoid-conflict-with-guava.jar;C:\Users\yruizsanchez\.m2\repository\com\google\code\findbugs\jsr305\3.0.2\jsr305-3.0.2.jar;C:\Users\yruizsanchez\.m2\repository\org\checkerframework\checker-qual\3.43.0\checker-qual-3.43.0.jar;C:\Users\yruizsanchez\.m2\repository\com\google\j2objc\j2objc-annotations\3.0.0\j2objc-annotations-3.0.0.jar;C:\Users\yruizsanchez\.m2\repository\io\opentelemetry\semconv\opentelemetry-semconv\1.25.0-alpha\opentelemetry-semconv-1.25.0-alpha.jar;C:\Users\yruizsanchez\.m2\repository\io\opentelemetry\opentelemetry-api\1.42.1\opentelemetry-api-1.42.1.jar;C:\Users\yruizsanchez\.m2\repository\io\opentelemetry\opentelemetry-context\1.42.1\opentelemetry-context-1.42.1.jar;C:\Users\yruizsanchez\.m2\repository\io\opentelemetry\opentelemetry-exporter-logging\1.42.1\opentelemetry-exporter-logging-1.42.1.jar;C:\Users\yruizsanchez\.m2\repository\io\opentelemetry\opentelemetry-sdk-common\1.42.1\opentelemetry-sdk-common-1.42.1.jar;C:\Users\yruizsanchez\.m2\repository\io\opentelemetry\opentelemetry-sdk-extension-autoconfigure-spi\1.42.1\opentelemetry-sdk-extension-autoconfigure-spi-1.42.1.jar;C:\Users\yruizsanchez\.m2\repository\io\opentelemetry\opentelemetry-sdk-extension-autoconfigure\1.42.1\opentelemetry-sdk-extension-autoconfigure-1.42.1.jar;C:\Users\yruizsanchez\.m2\repository\io\opentelemetry\opentelemetry-api-incubator\1.42.1-alpha\opentelemetry-api-incubator-1.42.1-alpha.jar;C:\Users\yruizsanchez\.m2\repository\io\opentelemetry\opentelemetry-sdk-trace\1.42.1\opentelemetry-sdk-trace-1.42.1.jar;C:\Users\yruizsanchez\.m2\repository\io\opentelemetry\opentelemetry-sdk\1.42.1\opentelemetry-sdk-1.42.1.jar;C:\Users\yruizsanchez\.m2\repository\io\opentelemetry\opentelemetry-sdk-metrics\1.42.1\opentelemetry-sdk-metrics-1.42.1.jar;C:\Users\yruizsanchez\.m2\repository\io\opentelemetry\opentelemetry-sdk-logs\1.42.1\opentelemetry-sdk-logs-1.42.1.jar;C:\Users\yruizsanchez\.m2\repository\net\bytebuddy\byte-buddy\1.15.1\byte-buddy-1.15.1.jar;C:\Users\yruizsanchez\.m2\repository\org\seleniumhq\selenium\selenium-http\4.25.0\selenium-http-4.25.0.jar;C:\Users\yruizsanchez\.m2\repository\dev\failsafe\failsafe\3.3.2\failsafe-3.3.2.jar;C:\Users\yruizsanchez\.m2\repository\org\seleniumhq\selenium\selenium-json\4.25.0\selenium-json-4.25.0.jar;C:\Users\yruizsanchez\.m2\repository\org\seleniumhq\selenium\selenium-manager\4.25.0\selenium-manager-4.25.0.jar;C:\Users\yruizsanchez\.m2\repository\org\seleniumhq\selenium\selenium-os\4.25.0\selenium-os-4.25.0.jar;C:\Users\yruizsanchez\.m2\repository\org\apache\commons\commons-exec\1.4.0\commons-exec-1.4.0.jar;C:\Users\yruizsanchez\.m2\repository\org\seleniumhq\selenium\selenium-support\4.25.0\selenium-support-4.25.0.jar;C:\Users\yruizsanchez\.m2\repository\com\google\code\gson\gson\2.11.0\gson-2.11.0.jar;C:\Users\yruizsanchez\.m2\repository\com\google\errorprone\error_prone_annotations\2.27.0\error_prone_annotations-2.27.0.jar;C:\Users\yruizsanchez\.m2\repository\org\slf4j\slf4j-api\2.0.13\slf4j-api-2.0.13.jar;C:\Users\yruizsanchez\.m2\repository\org\testng\testng\7.1.0\testng-7.1.0.jar;C:\Users\yruizsanchez\.m2\repository\com\beust\jcommander\1.72\jcommander-1.72.jar;C:\Users\yruizsanchez\.m2\repository\com\google\inject\guice\4.1.0\guice-4.1.0-no_aop.jar;C:\Users\yruizsanchez\.m2\repository\javax\inject\javax.inject\1\javax.inject-1.jar;C:\Users\yruizsanchez\.m2\repository\aopalliance\aopalliance\1.0\aopalliance-1.0.jar;C:\Users\yruizsanchez\.m2\repository\org\yaml\snakeyaml\1.21\snakeyaml-1.21.jar;C:\Users\yruizsanchez\.m2\repository\org\json\json\20240303\json-20240303.jar;C:\Users\yruizsanchez\.m2\repository\commons-io\commons-io\2.16.1\commons-io-2.16.1.jar;C:\Users\yruizsanchez\.m2\repository\commons-codec\commons-codec\1.17.1\commons-codec-1.17.1.jar;C:\Users\yruizsanchez\.m2\repository\org\apache\logging\log4j\log4j-core\2.13.1\log4j-core-2.13.1.jar;C:\Users\yruizsanchez\.m2\repository\org\apache\logging\log4j\log4j-api\2.13.1\log4j-api-2.13.1.jar;"/>
    <property name="java.vm.vendor" value="Oracle Corporation"/>
    <property name="sun.arch.data.model" value="64"/>
    <property name="user.variant" value=""/>
    <property name="java.vendor.url" value="https://java.oracle.com/"/>
    <property name="user.timezone" value="America/Mexico_City"/>
    <property name="suiteXmlFile" value="testng.xml"/>
    <property name="os.name" value="Windows 10"/>
    <property name="java.vm.specification.version" value="21"/>
    <property name="sun.java.launcher" value="SUN_STANDARD"/>
    <property name="user.country" value="US"/>
    <property name="sun.boot.library.path" value="C:\Program Files\Java\jdk-21\bin"/>
    <property name="sun.java.command" value="C:\Users\yruizsanchez\AppData\Local\Temp\surefire17099207078666762744\surefirebooter-20240923180122873_3.jar C:\Users\yruizsanchez\AppData\Local\Temp\surefire17099207078666762744 2024-09-23T18-01-20_949-jvmRun1 surefire-20240923180122873_1tmp surefire_0-20240923180122873_2tmp"/>
    <property name="jdk.debug" value="release"/>
    <property name="surefire.test.class.path" value="C:\Users\yruizsanchez\Workspaces\Appium-for-begginer\Week2TestingTest\target\test-classes;C:\Users\yruizsanchez\Workspaces\Appium-for-begginer\Week2TestingTest\target\classes;C:\Users\yruizsanchez\.m2\repository\io\appium\java-client\9.3.0\java-client-9.3.0.jar;C:\Users\yruizsanchez\.m2\repository\org\seleniumhq\selenium\selenium-api\4.25.0\selenium-api-4.25.0.jar;C:\Users\yruizsanchez\.m2\repository\org\jspecify\jspecify\1.0.0\jspecify-1.0.0.jar;C:\Users\yruizsanchez\.m2\repository\org\seleniumhq\selenium\selenium-remote-driver\4.25.0\selenium-remote-driver-4.25.0.jar;C:\Users\yruizsanchez\.m2\repository\com\google\auto\service\auto-service-annotations\1.1.1\auto-service-annotations-1.1.1.jar;C:\Users\yruizsanchez\.m2\repository\com\google\guava\guava\33.3.0-jre\guava-33.3.0-jre.jar;C:\Users\yruizsanchez\.m2\repository\com\google\guava\failureaccess\1.0.2\failureaccess-1.0.2.jar;C:\Users\yruizsanchez\.m2\repository\com\google\guava\listenablefuture\9999.0-empty-to-avoid-conflict-with-guava\listenablefuture-9999.0-empty-to-avoid-conflict-with-guava.jar;C:\Users\yruizsanchez\.m2\repository\com\google\code\findbugs\jsr305\3.0.2\jsr305-3.0.2.jar;C:\Users\yruizsanchez\.m2\repository\org\checkerframework\checker-qual\3.43.0\checker-qual-3.43.0.jar;C:\Users\yruizsanchez\.m2\repository\com\google\j2objc\j2objc-annotations\3.0.0\j2objc-annotations-3.0.0.jar;C:\Users\yruizsanchez\.m2\repository\io\opentelemetry\semconv\opentelemetry-semconv\1.25.0-alpha\opentelemetry-semconv-1.25.0-alpha.jar;C:\Users\yruizsanchez\.m2\repository\io\opentelemetry\opentelemetry-api\1.42.1\opentelemetry-api-1.42.1.jar;C:\Users\yruizsanchez\.m2\repository\io\opentelemetry\opentelemetry-context\1.42.1\opentelemetry-context-1.42.1.jar;C:\Users\yruizsanchez\.m2\repository\io\opentelemetry\opentelemetry-exporter-logging\1.42.1\opentelemetry-exporter-logging-1.42.1.jar;C:\Users\yruizsanchez\.m2\repository\io\opentelemetry\opentelemetry-sdk-common\1.42.1\opentelemetry-sdk-common-1.42.1.jar;C:\Users\yruizsanchez\.m2\repository\io\opentelemetry\opentelemetry-sdk-extension-autoconfigure-spi\1.42.1\opentelemetry-sdk-extension-autoconfigure-spi-1.42.1.jar;C:\Users\yruizsanchez\.m2\repository\io\opentelemetry\opentelemetry-sdk-extension-autoconfigure\1.42.1\opentelemetry-sdk-extension-autoconfigure-1.42.1.jar;C:\Users\yruizsanchez\.m2\repository\io\opentelemetry\opentelemetry-api-incubator\1.42.1-alpha\opentelemetry-api-incubator-1.42.1-alpha.jar;C:\Users\yruizsanchez\.m2\repository\io\opentelemetry\opentelemetry-sdk-trace\1.42.1\opentelemetry-sdk-trace-1.42.1.jar;C:\Users\yruizsanchez\.m2\repository\io\opentelemetry\opentelemetry-sdk\1.42.1\opentelemetry-sdk-1.42.1.jar;C:\Users\yruizsanchez\.m2\repository\io\opentelemetry\opentelemetry-sdk-metrics\1.42.1\opentelemetry-sdk-metrics-1.42.1.jar;C:\Users\yruizsanchez\.m2\repository\io\opentelemetry\opentelemetry-sdk-logs\1.42.1\opentelemetry-sdk-logs-1.42.1.jar;C:\Users\yruizsanchez\.m2\repository\net\bytebuddy\byte-buddy\1.15.1\byte-buddy-1.15.1.jar;C:\Users\yruizsanchez\.m2\repository\org\seleniumhq\selenium\selenium-http\4.25.0\selenium-http-4.25.0.jar;C:\Users\yruizsanchez\.m2\repository\dev\failsafe\failsafe\3.3.2\failsafe-3.3.2.jar;C:\Users\yruizsanchez\.m2\repository\org\seleniumhq\selenium\selenium-json\4.25.0\selenium-json-4.25.0.jar;C:\Users\yruizsanchez\.m2\repository\org\seleniumhq\selenium\selenium-manager\4.25.0\selenium-manager-4.25.0.jar;C:\Users\yruizsanchez\.m2\repository\org\seleniumhq\selenium\selenium-os\4.25.0\selenium-os-4.25.0.jar;C:\Users\yruizsanchez\.m2\repository\org\apache\commons\commons-exec\1.4.0\commons-exec-1.4.0.jar;C:\Users\yruizsanchez\.m2\repository\org\seleniumhq\selenium\selenium-support\4.25.0\selenium-support-4.25.0.jar;C:\Users\yruizsanchez\.m2\repository\com\google\code\gson\gson\2.11.0\gson-2.11.0.jar;C:\Users\yruizsanchez\.m2\repository\com\google\errorprone\error_prone_annotations\2.27.0\error_prone_annotations-2.27.0.jar;C:\Users\yruizsanchez\.m2\repository\org\slf4j\slf4j-api\2.0.13\slf4j-api-2.0.13.jar;C:\Users\yruizsanchez\.m2\repository\org\testng\testng\7.1.0\testng-7.1.0.jar;C:\Users\yruizsanchez\.m2\repository\com\beust\jcommander\1.72\jcommander-1.72.jar;C:\Users\yruizsanchez\.m2\repository\com\google\inject\guice\4.1.0\guice-4.1.0-no_aop.jar;C:\Users\yruizsanchez\.m2\repository\javax\inject\javax.inject\1\javax.inject-1.jar;C:\Users\yruizsanchez\.m2\repository\aopalliance\aopalliance\1.0\aopalliance-1.0.jar;C:\Users\yruizsanchez\.m2\repository\org\yaml\snakeyaml\1.21\snakeyaml-1.21.jar;C:\Users\yruizsanchez\.m2\repository\org\json\json\20240303\json-20240303.jar;C:\Users\yruizsanchez\.m2\repository\commons-io\commons-io\2.16.1\commons-io-2.16.1.jar;C:\Users\yruizsanchez\.m2\repository\commons-codec\commons-codec\1.17.1\commons-codec-1.17.1.jar;C:\Users\yruizsanchez\.m2\repository\org\apache\logging\log4j\log4j-core\2.13.1\log4j-core-2.13.1.jar;C:\Users\yruizsanchez\.m2\repository\org\apache\logging\log4j\log4j-api\2.13.1\log4j-api-2.13.1.jar;"/>
    <property name="sun.cpu.endian" value="little"/>
    <property name="user.home" value="C:\Users\yruizsanchez"/>
    <property name="user.language" value="en"/>
    <property name="java.specification.vendor" value="Oracle Corporation"/>
    <property name="java.version.date" value="2024-07-16"/>
    <property name="java.home" value="C:\Program Files\Java\jdk-21"/>
    <property name="file.separator" value="\"/>
    <property name="basedir" value="C:\Users\yruizsanchez\Workspaces\Appium-for-begginer\Week2TestingTest"/>
    <property name="java.vm.compressedOopsMode" value="Zero based"/>
    <property name="line.separator" value="&#10;"/>
    <property name="java.vm.specification.vendor" value="Oracle Corporation"/>
    <property name="java.specification.name" value="Java Platform API Specification"/>
    <property name="surefire.real.class.path" value="C:\Users\yruizsanchez\AppData\Local\Temp\surefire17099207078666762744\surefirebooter-20240923180122873_3.jar"/>
    <property name="user.script" value=""/>
    <property name="sun.management.compiler" value="HotSpot 64-Bit Tiered Compilers"/>
    <property name="java.runtime.version" value="21.0.4+8-LTS-274"/>
    <property name="user.name" value="yruizsanchez"/>
    <property name="stdout.encoding" value="Cp1252"/>
    <property name="path.separator" value=";"/>
    <property name="os.version" value="10.0"/>
    <property name="java.runtime.name" value="Java(TM) SE Runtime Environment"/>
    <property name="file.encoding" value="UTF-8"/>
    <property name="java.vm.name" value="Java HotSpot(TM) 64-Bit Server VM"/>
    <property name="localRepository" value="C:\Users\yruizsanchez\.m2\repository"/>
    <property name="java.vendor.url.bug" value="https://bugreport.java.com/bugreport/"/>
    <property name="java.io.tmpdir" value="C:\Users\YRUIZS~1\AppData\Local\Temp\"/>
    <property name="java.version" value="21.0.4"/>
    <property name="user.dir" value="C:\Users\yruizsanchez\Workspaces\Appium-for-begginer\Week2TestingTest"/>
    <property name="os.arch" value="amd64"/>
    <property name="java.vm.specification.name" value="Java Virtual Machine Specification"/>
    <property name="sun.os.patch.level" value=""/>
    <property name="native.encoding" value="Cp1252"/>
    <property name="java.library.path" value="C:\Program Files\Java\jdk-21\bin;C:\WINDOWS\Sun\Java\bin;C:\WINDOWS\system32;C:\WINDOWS;C:\Program Files\Microsoft SDKs\Azure\CLI2\wbin;C:\Program Files\Java\jdk-21\bin;C:\Program Files\Common Files\Oracle\Java\javapath;C:\WINDOWS\system32;C:\WINDOWS;C:\WINDOWS\System32\Wbem;C:\WINDOWS\System32\WindowsPowerShell\v1.0\;C:\WINDOWS\System32\OpenSSH\;C:\Program Files\dotnet\;C:\Users\yruizsanchez\AppData\Local\Microsoft\WindowsApps;C:\Program Files\Docker\Docker\resources\bin;C:\Program Files\nodejs\;C:\Program Files\Java\jdk-21\bin;C:\Users\yruizsanchez\AppData\Local\Android\Sdk\platform-tools;C:\Users\yruizsanchez\AppData\Local\Android\Sdk\cmdline-tools;C:\Maven\bin;C:\Users\yruizsanchez\AppData\Local\Microsoft\WindowsApps;C:\Users\yruizsanchez\AppData\Local\Programs\Microsoft VS Code\bin;C:\Users\yruizsanchez\AppData\Local\Programs\Git\cmd;C:\Program Files (x86)\Brackets\;C:\Users\yruizsanchez\AppData\Roaming\npm;."/>
    <property name="java.vm.info" value="mixed mode, sharing"/>
    <property name="stderr.encoding" value="Cp1252"/>
    <property name="java.vendor" value="Oracle Corporation"/>
    <property name="java.vm.version" value="21.0.4+8-LTS-274"/>
    <property name="sun.io.unicode.encoding" value="UnicodeLittle"/>
    <property name="java.class.version" value="65.0"/>
  </properties>
  <testcase name="validateBtn1" classname="com.qa.test.TestCase" time="0.556">
    <system-out><![CDATA[[INFO ] 2024-09-23 18:01:24.372 ServerManager:19 - starting appium server
&amp#27;[38;5;112m[Appium]&amp#27;[0m Welcome to Appium v2.11.3
&amp#27;[38;5;112m[Appium]&amp#27;[0m Non-default server args:
&amp#27;[38;5;112m[Appium]&amp#27;[0m { port: &amp#27;[33m29201&amp#27;[39m, sessionOverride: &amp#27;[33mtrue&amp#27;[39m }
&amp#27;[38;5;112m[Appium]&amp#27;[0m The autodetected Appium home path: C:\Users\yruizsanchez\.appium
&amp#27;[38;5;112m[Appium]&amp#27;[0m Attempting to load driver uiautomator2...
&amp#27;[38;5;112m[Appium]&amp#27;[0m Requiring driver at C:\Users\yruizsanchez\.appium\node_modules\appium-uiautomator2-driver\build\index.js
&amp#27;[38;5;112m[Appium]&amp#27;[0m AndroidUiautomator2Driver has been successfully loaded in 1.802s
&amp#27;[38;5;112m[Appium]&amp#27;[0m Appium REST http interface listener started on http://0.0.0.0:29201
&amp#27;[38;5;112m[Appium]&amp#27;[0m You can provide the following URLs in your client code to connect to this server:
	http://192.168.1.83:29201/
	http://127.0.0.1:29201/ (only accessible from the same host)
&amp#27;[38;5;112m[Appium]&amp#27;[0m Available drivers:
&amp#27;[38;5;112m[Appium]&amp#27;[0m   - uiautomator2@3.7.9 (automationName 'UiAutomator2')
&amp#27;[38;5;112m[Appium]&amp#27;[0m No plugins have been installed. Use the "appium plugin" command to install the one(s) you want to use.
&amp#27;[38;5;86m[HTTP]&amp#27;[0m &amp#27;[37m-->&amp#27;[39m &amp#27;[37mGET&amp#27;[39m &amp#27;[37m/status&amp#27;[39m &amp#27;[90m{}&amp#27;[39m
&amp#27;[38;5;35m[AppiumDriver@edaa]&amp#27;[0m Calling AppiumDriver.getStatus() with args: []
&amp#27;[38;5;35m[AppiumDriver@edaa]&amp#27;[0m Responding to client with driver.getStatus() result: {"ready":true,"message":"The server is ready to accept new connections","build":{"version":"2.11.3"}}
&amp#27;[38;5;86m[HTTP]&amp#27;[0m &amp#27;[37m<-- GET /status &amp#27;[39m&amp#27;[32m200&amp#27;[39m &amp#27;[90m3 ms - 111&amp#27;[39m &amp#27;[90m&amp#27;[39m
&amp#27;[38;5;86m[HTTP]&amp#27;[0m &amp#27;[37m-->&amp#27;[39m &amp#27;[37mGET&amp#27;[39m &amp#27;[37m/status&amp#27;[39m &amp#27;[90m{}&amp#27;[39m
&amp#27;[38;5;35m[AppiumDriver@edaa]&amp#27;[0m Calling AppiumDriver.getStatus() with args: []
&amp#27;[38;5;35m[AppiumDriver@edaa]&amp#27;[0m Responding to client with driver.getStatus() result: {"ready":true,"message":"The server is ready to accept new connections","build":{"version":"2.11.3"}}
[INFO ] 2024-09-23 18:01:30.330 ServerManager:28 - Appium server started
[INFO ] 2024-09-23 18:01:30.342 DriverManager:25 - initializing Appium driver
[INFO ] 2024-09-23 18:01:30.360 PropertyManager:17 - loading config properties
[INFO ] 2024-09-23 18:01:38.559 DriverManager:29 - Driver is initialized
[INFO ] 2024-09-23 18:01:38.564 VideoManager:16 - Starting recording
]]></system-out>
    <system-err><![CDATA[SLF4J(W): No SLF4J providers were found.
SLF4J(W): Defaulting to no-operation (NOP) logger implementation
SLF4J(W): See https://www.slf4j.org/codes.html#noProviders for further details.
]]></system-err>
  </testcase>
  <testcase name="validateBtn2" classname="com.qa.test.TestCase" time="0.045">
    <system-out><![CDATA[[INFO ] 2024-09-23 18:01:40.500 ScreenshotManager:22 - Screenshot taken and saved at:Screenshots\emulator-5554_Pixel_5_API_31\2024-09-23-18-01-38\\validateBtn12024-09-23-18-01-40.png
]]></system-out>
  </testcase>
  <testcase name="validateBtn3" classname="com.qa.test.TestCase" time="0.042">
    <system-out><![CDATA[[INFO ] 2024-09-23 18:01:40.793 ScreenshotManager:22 - Screenshot taken and saved at:Screenshots\emulator-5554_Pixel_5_API_31\2024-09-23-18-01-38\\validateBtn22024-09-23-18-01-40.png
]]></system-out>
  </testcase>
  <testcase name="validateEnableActionsText" classname="com.qa.test.TestCase" time="0.052">
    <system-out><![CDATA[[INFO ] 2024-09-23 18:01:41.039 ScreenshotManager:22 - Screenshot taken and saved at:Screenshots\emulator-5554_Pixel_5_API_31\2024-09-23-18-01-38\\validateBtn32024-09-23-18-01-41.png
]]></system-out>
  </testcase>
  <testcase name="validateEnableRevealText" classname="com.qa.test.TestCase" time="0.046">
    <system-out><![CDATA[[INFO ] 2024-09-23 18:01:41.439 ScreenshotManager:22 - Screenshot taken and saved at:Screenshots\emulator-5554_Pixel_5_API_31\2024-09-23-18-01-38\\validateEnableActionsText2024-09-23-18-01-41.png
]]></system-out>
  </testcase>
  <testcase name="validateHamburgerMenu" classname="com.qa.test.TestCase" time="0.045">
    <system-out><![CDATA[[INFO ] 2024-09-23 18:01:41.719 ScreenshotManager:22 - Screenshot taken and saved at:Screenshots\emulator-5554_Pixel_5_API_31\2024-09-23-18-01-38\\validateEnableRevealText2024-09-23-18-01-41.png
]]></system-out>
  </testcase>
  <testcase name="validateSlowMotionText" classname="com.qa.test.TestCase" time="0.047">
    <system-out><![CDATA[[INFO ] 2024-09-23 18:01:41.993 ScreenshotManager:22 - Screenshot taken and saved at:Screenshots\emulator-5554_Pixel_5_API_31\2024-09-23-18-01-38\\validateHamburgerMenu2024-09-23-18-01-41.png
]]></system-out>
  </testcase>
  <testcase name="validateIfRevealAndActionAreChecked" classname="com.qa.test.TestCase" time="0.121">
    <system-out><![CDATA[[INFO ] 2024-09-23 18:01:42.279 ScreenshotManager:22 - Screenshot taken and saved at:Screenshots\emulator-5554_Pixel_5_API_31\2024-09-23-18-01-38\\validateSlowMotionText2024-09-23-18-01-42.png
]]></system-out>
  </testcase>
  <testcase name="validateAfterChangingColor" classname="com.qa.test.TestCase" time="1.265">
    <system-out><![CDATA[[INFO ] 2024-09-23 18:01:42.634 ScreenshotManager:22 - Screenshot taken and saved at:Screenshots\emulator-5554_Pixel_5_API_31\2024-09-23-18-01-38\\validateIfRevealAndActionAreChecked2024-09-23-18-01-42.png
]]></system-out>
  </testcase>
</testsuite>