<?xml version="1.0" encoding="UTF-8"?>
<!-- Generated by org.testng.reporters.JUnitReportReporter -->
<testsuite hostname="USQROYRUIZSANC1" failures="0" tests="9" name="com.qa.test.TestCase" time="7.145" errors="0" timestamp="2024-09-23T17:55:48 CST" skipped="0">
  <testcase classname="com.qa.test.TestCase" name="validateBtn2" time="0.434"/>
  <system-out/>
  <testcase classname="com.qa.test.TestCase" name="validateEnableActionsText" time="0.511"/>
  <system-out/>
  <testcase classname="com.qa.test.TestCase" name="validateHamburgerMenu" time="0.495"/>
  <system-out/>
  <testcase classname="com.qa.test.TestCase" name="validateBtn1" time="1.125"/>
  <system-out/>
  <testcase classname="com.qa.test.TestCase" name="validateSlowMotionText" time="0.506"/>
  <system-out/>
  <testcase classname="com.qa.test.TestCase" name="validateEnableRevealText" time="0.586"/>
  <system-out/>
  <testcase classname="com.qa.test.TestCase" name="validateBtn3" time="0.720"/>
  <system-out/>
  <testcase classname="com.qa.test.TestCase" name="validateIfRevealAndActionAreChecked" time="0.622"/>
  <system-out/>
  <testcase classname="com.qa.test.TestCase" name="validateAfterChangingColor" time="2.146"/>
  <system-out/>
</testsuite> <!-- com.qa.test.TestCase -->
