<?xml version="1.0" encoding="UTF-8"?>
<!-- Generated by org.testng.reporters.JUnitReportReporter -->
<testsuite hostname="USQROYRUIZSANC1" failures="0" tests="1" name="com.qa.test.NewTest" time="5.505" errors="0" timestamp="2024-09-23T17:06:02 CST" skipped="0">
  <testcase classname="com.qa.test.NewTest" name="f" time="5.505"/>
  <system-out/>
</testsuite> <!-- com.qa.test.NewTest -->
