<?xml version="1.0" encoding="UTF-8"?>
<!-- Generated by org.testng.reporters.JUnitReportReporter -->
<testsuite hostname="USQROYRUIZSANC1" failures="0" tests="9" name="com.qa.test.TestCase" time="5.414" errors="0" timestamp="2024-09-23T18:01:48 CST" skipped="0">
  <testcase classname="com.qa.test.TestCase" name="validateBtn1" time="0.780"/>
  <system-out/>
  <testcase classname="com.qa.test.TestCase" name="validateEnableActionsText" time="0.253"/>
  <system-out/>
  <testcase classname="com.qa.test.TestCase" name="validateEnableRevealText" time="0.292"/>
  <system-out/>
  <testcase classname="com.qa.test.TestCase" name="validateBtn3" time="1.239"/>
  <system-out/>
  <testcase classname="com.qa.test.TestCase" name="validateSlowMotionText" time="0.279"/>
  <system-out/>
  <testcase classname="com.qa.test.TestCase" name="validateBtn2" time="0.321"/>
  <system-out/>
  <testcase classname="com.qa.test.TestCase" name="validateHamburgerMenu" time="0.393"/>
  <system-out/>
  <testcase classname="com.qa.test.TestCase" name="validateIfRevealAndActionAreChecked" time="0.359"/>
  <system-out/>
  <testcase classname="com.qa.test.TestCase" name="validateAfterChangingColor" time="1.498"/>
  <system-out/>
</testsuite> <!-- com.qa.test.TestCase -->
